[2014-10-26 16:19:18] user name=>channy module=>groupcontroller name=>:client action =>index error name=>SQLSTATE[42S02]: Base table or view not found: 1146 Table 'db_loan.ln_client' doesn't exist
[2014-10-26 16:19:35] user name=>channy module=>othercontroller name=>:Zone action =>index error name=>SQLSTATE[42S02]: Base table or view not found: 1146 Table 'db_loan.ln_zone' doesn't exist
[2014-10-26 16:26:28] user name=>channy module=>groupcontroller name=>:client action =>index error name=>SQLSTATE[42S02]: Base table or view not found: 1146 Table 'db_loan.ln_client' doesn't exist
[2014-11-01 08:47:15] user name=>channy module=>othercontroller name=>:Holiday action =>index error name=>SQLSTATE[42S02]: Base table or view not found: 1146 Table 'db_loan.ln_holiday' doesn't exist
[2014-11-02 00:01:02] user name=>channy module=>othercontroller name=>:village action =>index error name=>SQLSTATE[42000]: Syntax error or access violation: 1064 You have an error in your SQL syntax; check the manual that corresponds to your MySQL server version for the right syntax to use near 'testing n'%')' at line 6
[2014-11-02 00:39:02] user name=>channy module=>othercontroller name=>:Commune action =>index error name=>SQLSTATE[42000]: Syntax error or access violation: 1064 You have an error in your SQL syntax; check the manual that corresponds to your MySQL server version for the right syntax to use near 'm'%' OR co_khname LIKE '%'m'%' OR  co_firstname LIKE '%'m'%' OR co_lastname LIKE' at line 5
[2014-11-02 00:46:32] user name=>channy module=>othercontroller name=>:Commune action =>index error name=>SQLSTATE[42S22]: Column not found: 1054 Unknown column 'm' in 'where clause'
[2014-11-02 00:46:51] user name=>channy module=>othercontroller name=>:Commune action =>index error name=>SQLSTATE[42S22]: Column not found: 1054 Unknown column 'm' in 'where clause'
[2014-11-02 00:47:52] user name=>channy module=>othercontroller name=>:Commune action =>index error name=>SQLSTATE[42S22]: Column not found: 1054 Unknown column 'm' in 'where clause'
[2014-11-02 00:58:07] user name=>channy module=>globalcontroller name=>:index action =>add-province error name=>SQLSTATE[42S02]: Base table or view not found: 1146 Table 'db_loan.rms_province' doesn't exist
[2014-11-02 00:58:19] user name=>channy module=>globalcontroller name=>:index action =>add-province error name=>SQLSTATE[42S02]: Base table or view not found: 1146 Table 'db_loan.rms_province' doesn't exist
[2014-11-02 01:01:22] user name=>channy module=>globalcontroller name=>:index action =>add-province error name=>SQLSTATE[42S22]: Column not found: 1054 Unknown column 'is_active' in 'field list'
[2014-11-02 01:03:53] user name=>channy module=>globalcontroller name=>:index action =>province-list error name=>SQLSTATE[42S22]: Column not found: 1054 Unknown column 'is_active' in 'field list'
[2014-11-02 01:05:42] user name=>channy module=>globalcontroller name=>:index action =>province-list error name=>SQLSTATE[42S22]: Column not found: 1054 Unknown column 'is_active' in 'field list'
[2014-11-02 01:05:52] user name=>channy module=>globalcontroller name=>:index action =>province-list error name=>SQLSTATE[42S22]: Column not found: 1054 Unknown column 'is_active' in 'field list'
[2014-11-02 23:09:14] [user]:channy [module]:rsvAcl [controller]:userType [action]:edit-user-type [id]:1
[2014-11-15 19:54:16] user name=>channy module=>othercontroller name=>:co action =>add error name=>SQLSTATE[42S22]: Column not found: 1054 Unknown column 'sex' in 'field list'
[2014-11-15 21:10:59] user name=>channy module=>globalcontroller name=>:index action =>add-province error name=>SQLSTATE[42S22]: Column not found: 1054 Unknown column 'display' in 'field list'
[2014-11-16 18:08:05] user name=>channy module=>othercontroller name=>:co action =>index error name=>SQLSTATE[42000]: Syntax error or access violation: 1064 You have an error in your SQL syntax; check the manual that corresponds to your MySQL server version for the right syntax to use near 'FROM ln_co  WHERE 1' at line 5
[2014-11-16 21:36:18] user name=>channy module=>othercontroller name=>:District action =>index error name=>SQLSTATE[42000]: Syntax error or access violation: 1064 You have an error in your SQL syntax; check the manual that corresponds to your MySQL server version for the right syntax to use near 'SELECT province_en_name FROM ln_province WHERE province_id=pro_id limit 1) As pr' at line 4
[2014-11-16 21:43:34] user name=>channy module=>othercontroller name=>:Commune action =>index error name=>SQLSTATE[42S22]: Column not found: 1054 Unknown column 'district_namekh' in 'field list'
[2014-11-21 23:40:48] user name=>channy module=>loancontroller name=>:index action =>index error name=>SQLSTATE[42000]: Syntax error or access violation: 1064 You have an error in your SQL syntax; check the manual that corresponds to your MySQL server version for the right syntax to use near 'WHERE date_release >= '2014-11-21 00:00:00' AND date_release <= '2014-11-21 23:5' at line 2
[2014-11-21 23:41:39] user name=>channy module=>loancontroller name=>:index action =>index error name=>SQLSTATE[42000]: Syntax error or access violation: 1064 You have an error in your SQL syntax; check the manual that corresponds to your MySQL server version for the right syntax to use near 'WHERE lg.date_release >= '2014-11-21 00:00:00' AND lg.date_release <= '2014-11-2' at line 2
[2014-12-09 10:11:15] user name=>channy module=>callteralcontroller name=>:badloan action =>index error name=>SQLSTATE[42S02]: Base table or view not found: 1146 Table 'db_loan.ln_badloan' doesn't exist
[2014-12-12 09:22:44] user name=>channy module=>reportcontroller name=>:index action =>paymentschedule-list error name=>SQLSTATE[42S22]: Column not found: 1054 Unknown column 'loan_fee' in 'field list'
[2014-12-12 12:14:21] user name=>channy module=>reportcontroller name=>:index action =>paymentschedule-list error name=>SQLSTATE[42S22]: Column not found: 1054 Unknown column 'loan_fee' in 'field list'
