[2014-08-23 18:34:58] user name=>channy module=>globalcontroller name=>:globals action =>get-tuitionfee error name=>SQLSTATE[42S22]: Column not found: 1054 Unknown column '១' in 'where clause'
[2014-08-23 18:35:00] user name=>channy module=>globalcontroller name=>:globals action =>get-tuitionfee error name=>SQLSTATE[42S22]: Column not found: 1054 Unknown column '១' in 'where clause'
[2014-08-23 18:35:00] user name=>channy module=>globalcontroller name=>:globals action =>get-tuitionfee error name=>SQLSTATE[42S22]: Column not found: 1054 Unknown column '១' in 'where clause'
[2014-08-23 18:35:00] user name=>channy module=>globalcontroller name=>:globals action =>get-tuitionfee error name=>SQLSTATE[42S22]: Column not found: 1054 Unknown column '១' in 'where clause'
[2014-09-01 20:32:09] [user]:channy [module]:rsvAcl [controller]:userType [action]:edit-user-type [id]:1
[2014-09-01 20:32:35] [user]:channy [module]:rsvAcl [controller]:userType [action]:edit-user-type [id]:2
[2014-09-01 20:33:00] [user]:channy [module]:rsvAcl [controller]:userType [action]:edit-user-type [id]:3
[2014-09-01 20:33:25] [user]:channy [module]:rsvAcl [controller]:userType [action]:edit-user-type [id]:4
[2014-09-01 20:33:51] [user]:channy [module]:rsvAcl [controller]:userType [action]:edit-user-type [id]:5
[2014-09-01 20:34:15] [user]:channy [module]:rsvAcl [controller]:userType [action]:edit-user-type [id]:6
[2014-09-01 20:34:38] [user]:channy [module]:rsvAcl [controller]:userType [action]:edit-user-type [id]:6
[2014-09-01 20:35:18] [user]:channy [module]:rsvAcl [controller]:userType [action]:edit-user-type [id]:7
[2014-09-01 20:57:33] [user]:channy [module]:rsvAcl [controller]:user-type [action]:add-user-type [id]:8
[2014-09-01 20:59:29] [user]:channy [module]:rsvAcl [controller]:userType [action]:edit-user-type [id]:1
[2014-09-01 21:00:06] [user]:channy [module]:rsvAcl [controller]:user-type [action]:add-user-type [id]:9
[2014-09-02 06:51:51] [user]:channy [module]:rsvAcl [controller]:user-access [action]:update-status [id]:19
[2014-09-02 06:51:53] [user]:channy [module]:rsvAcl [controller]:user-access [action]:update-status [id]:19
[2014-09-02 06:51:58] [user]:channy [module]:rsvAcl [controller]:user-access [action]:update-status [id]:19
[2014-09-02 06:52:00] [user]:channy [module]:rsvAcl [controller]:user-access [action]:update-status [id]:20
[2014-09-02 06:52:01] [user]:channy [module]:rsvAcl [controller]:user-access [action]:update-status [id]:20
[2014-09-02 06:52:04] [user]:channy [module]:rsvAcl [controller]:user-access [action]:update-status [id]:20
[2014-09-02 06:52:04] [user]:channy [module]:rsvAcl [controller]:user-access [action]:update-status [id]:20
[2014-09-02 06:52:05] [user]:channy [module]:rsvAcl [controller]:user-access [action]:update-status [id]:20
[2014-09-02 06:52:05] [user]:channy [module]:rsvAcl [controller]:user-access [action]:update-status [id]:20
[2014-09-02 06:52:08] [user]:channy [module]:rsvAcl [controller]:user-access [action]:update-status [id]:18
[2014-09-02 06:52:09] [user]:channy [module]:rsvAcl [controller]:user-access [action]:update-status [id]:18
[2014-09-09 21:29:58] user name=>channy module=>globalcontroller name=>:index action =>room-list error name=>SQLSTATE[42000]: Syntax error or access violation: 1064 You have an error in your SQL syntax; check the manual that corresponds to your MySQL server version for the right syntax to use near 'order by room_name' at line 4
[2014-09-09 21:30:44] user name=>channy module=>globalcontroller name=>:index action =>room-list error name=>SQLSTATE[42000]: Syntax error or access violation: 1064 You have an error in your SQL syntax; check the manual that corresponds to your MySQL server version for the right syntax to use near 'order by room_name' at line 4
[2014-09-09 21:42:36] user name=>channy module=>globalcontroller name=>:index action =>room-list error name=>SQLSTATE[42000]: Syntax error or access violation: 1064 You have an error in your SQL syntax; check the manual that corresponds to your MySQL server version for the right syntax to use near 'order by room_name' at line 4
[2014-09-10 18:52:49] user name=>channy module=>globalcontroller name=>:index action =>setting error name=>SQLSTATE[42000]: Syntax error or access violation: 1064 You have an error in your SQL syntax; check the manual that corresponds to your MySQL server version for the right syntax to use near '' at line 5
[2014-09-10 18:53:21] user name=>channy module=>globalcontroller name=>:index action =>setting error name=>SQLSTATE[42000]: Syntax error or access violation: 1064 You have an error in your SQL syntax; check the manual that corresponds to your MySQL server version for the right syntax to use near '' at line 5
[2014-09-10 18:53:42] user name=>channy module=>globalcontroller name=>:index action =>setting error name=>SQLSTATE[42000]: Syntax error or access violation: 1064 You have an error in your SQL syntax; check the manual that corresponds to your MySQL server version for the right syntax to use near '' at line 5
